<?xml version="1.0" encoding="UTF-8"?>
<!-- Generated by org.testng.reporters.JUnitXMLReporter -->
<testsuite hostname="Swetha" name="smoke test1" tests="1" failures="1" timestamp="5 May 2016 11:45:59 GMT" time="0.025" errors="0">
  <testcase name="openUrl" time="0.015" classname="testngPackage.Test1">
    <failure type="java.lang.NoClassDefFoundError" message="com/google/common/base/Function">
      <![CDATA[java.lang.NoClassDefFoundError: com/google/common/base/Function
	at testngPackage.Test1.openUrl(Test1.java:10)
Caused by: java.lang.ClassNotFoundException: com.google.common.base.Function
	at java.net.URLClassLoader.findClass(URLClassLoader.java:381)
	at java.lang.ClassLoader.loadClass(ClassLoader.java:424)
	at sun.misc.Launcher$AppClassLoader.loadClass(Launcher.java:331)
	at java.lang.ClassLoader.loadClass(ClassLoader.java:357)
	... 24 more
... Removed 23 stack frames]]>
    </failure>
  </testcase> <!-- openUrl -->
</testsuite> <!-- smoke test1 -->
