<?xml version="1.0" encoding="UTF-8"?>
<!-- Generated by org.testng.reporters.JUnitXMLReporter -->
<testsuite hostname="Swetha" name="smoke test" tests="4" failures="0" timestamp="7 May 2016 00:13:17 GMT" time="10.332" errors="0">
  <testcase name="flightLogin" time="8.261" classname="FlightBooking.Login"/>
  <testcase name="flightDetailMethod" time="1.323" classname="FlightBooking.FlightDetails"/>
  <testcase name="bookFlightlMethod" time="0.693" classname="FlightBooking.BookFlight"/>
  <testcase name="bookFlightlMethod" time="0.04" classname="FlightBooking.FlightConfirm"/>
</testsuite> <!-- smoke test -->
